<?xml version="1.0" encoding="UTF-8"?>
<!-- Generated by org.testng.reporters.JUnitXMLReporter -->
<testsuite hostname="dls210" ignored="2" name="Test Groups" tests="2" failures="0" timestamp="18 jul 2018 01:37:35 GMT" time="0.047" errors="0">
  <testcase name="testCBR" time="0.006" classname="groups.TestNGGroups"/>
  <testcase name="testNinja" time="0.003" classname="groups.TestNGGroups"/>
  <testcase name="testHRV" time="0.0" classname="groups.TestNGGroups">
    <ignored/>
  </testcase> <!-- testHRV -->
  <testcase name="testAudiA6" time="0.0" classname="groups.TestNGGroups">
    <ignored/>
  </testcase> <!-- testAudiA6 -->
</testsuite> <!-- Test Groups -->
