<?xml version="1.0" encoding="UTF-8"?>
<!-- Generated by org.testng.reporters.JUnitXMLReporter -->
<testsuite hostname="dls210" ignored="0" name="Default test" tests="3" failures="0" timestamp="21 jul 2018 19:30:51 GMT" time="0.037" errors="0">
  <testcase name="testDataProvider" time="0.008" classname="test.DataProvider"/>
  <testcase name="testDataProvider" time="0.001" classname="test.DataProvider"/>
  <testcase name="testDataProvider" time="0.001" classname="test.DataProvider"/>
</testsuite> <!-- Default test -->
