<?xml version="1.0" encoding="UTF-8"?>
<testng-results skipped="0" failed="0" ignored="0" total="2" passed="2">
  <reporter-output>
  </reporter-output>
  <suite name="Suit Dependent Methods" duration-ms="37" started-at="2018-07-18T02:06:15Z" finished-at="2018-07-18T02:06:15Z">
    <groups>
    </groups>
    <test name="Dependent Methods" duration-ms="37" started-at="2018-07-18T02:06:15Z" finished-at="2018-07-18T02:06:15Z">
      <class name="dependentMethods.DependentMethods">
        <test-method status="PASS" signature="testMethod2()[pri:0, instance:dependentMethods.DependentMethods@7f9a81e8]" name="testMethod2" duration-ms="10" started-at="2018-07-18T02:06:15Z" finished-at="2018-07-18T02:06:15Z">
          <reporter-output>
          </reporter-output>
        </test-method> <!-- testMethod2 -->
        <test-method status="PASS" signature="testMethod1()[pri:0, instance:dependentMethods.DependentMethods@7f9a81e8]" name="testMethod1" duration-ms="2" started-at="2018-07-18T02:06:15Z" depends-on-methods="dependentMethods.DependentMethods.testMethod2" finished-at="2018-07-18T02:06:15Z">
          <reporter-output>
          </reporter-output>
        </test-method> <!-- testMethod1 -->
      </class> <!-- dependentMethods.DependentMethods -->
    </test> <!-- Dependent Methods -->
  </suite> <!-- Suit Dependent Methods -->
</testng-results>
