<?xml version="1.0" encoding="UTF-8"?>
<!-- Generated by org.testng.reporters.JUnitXMLReporter -->
<testsuite hostname="dls210" ignored="0" name="Application Test 1" tests="3" failures="1" timestamp="28 jul 2018 19:13:11 GMT" time="0.045" errors="0">
  <testcase name="testTwo" time="0.007" classname="testListeners.Test_ITestListener$TestNG_ListenersTest">
    <failure type="java.lang.AssertionError" message="expected [true] but found [false]">
      <![CDATA[java.lang.AssertionError: expected [true] but found [false]
at testListeners.Test_ITestListener$TestNG_ListenersTest.testTwo(Test_ITestListener.java:34)
... Removed 29 stack frames]]>
    </failure>
  </testcase> <!-- testTwo -->
  <testcase name="testOne" time="0.001" classname="testListeners.Test_ITestListener$TestNG_ListenersTest"/>
  <testcase name="testThree" time="0.0" classname="testListeners.Test_ITestListener$TestNG_ListenersTest">
    <skipped/>
  </testcase> <!-- testThree -->
</testsuite> <!-- Application Test 1 -->
