<?xml version="1.0" encoding="UTF-8"?>
<!-- Generated by org.testng.reporters.JUnitXMLReporter -->
<testsuite hostname="dls210" ignored="0" name="Application Test 2" tests="3" failures="1" timestamp="28 jul 2018 18:42:53 GMT" time="0.01" errors="0">
  <testcase name="testTwo" time="0.001" classname="test.ITestListener_Test$TestNG_ListenersTest">
    <failure type="java.lang.AssertionError" message="expected [true] but found [false]">
      <![CDATA[java.lang.AssertionError: expected [true] but found [false]
at test.ITestListener_Test$TestNG_ListenersTest.testTwo(ITestListener_Test.java:34)
... Removed 29 stack frames]]>
    </failure>
  </testcase> <!-- testTwo -->
  <testcase name="testOne" time="0.001" classname="test.ITestListener_Test$TestNG_ListenersTest"/>
  <testcase name="testThree" time="0.0" classname="test.ITestListener_Test$TestNG_ListenersTest">
    <skipped/>
  </testcase> <!-- testThree -->
</testsuite> <!-- Application Test 2 -->
