<?xml version="1.0" encoding="UTF-8"?>
<!-- Generated by org.testng.reporters.JUnitXMLReporter -->
<testsuite hostname="dls210" ignored="2" tests="0" failures="0" timestamp="18 jul 2018 16:33:05 GMT" time="0.007" errors="0">
  <testcase name="testMethod2" time="0.0" classname="dependentMethods.DependentMethods">
    <ignored/>
  </testcase> <!-- testMethod2 -->
  <testcase name="testMethod1" time="0.0" classname="dependentMethods.DependentMethods">
    <ignored/>
  </testcase> <!-- testMethod1 -->
</testsuite>
