<?xml version="1.0" encoding="UTF-8"?>
<!-- Generated by org.testng.reporters.JUnitXMLReporter -->
<testsuite hostname="dls210" ignored="0" name="Dependent Methods" tests="2" failures="1" timestamp="18 jul 2018 12:55:38 GMT" time="0.145" errors="0">
  <testcase name="testMethod2" time="0.006" classname="dependentMethods.DependentMethods"/>
  <testcase name="testMethod1" time="0.114" classname="dependentMethods.DependentMethods">
    <failure type="org.testng.internal.thread.ThreadTimeoutException" message="Method dependentMethods.DependentMethods.testMethod1() didn&amp;apos;t finish within the time-out 100">
      <![CDATA[org.testng.internal.thread.ThreadTimeoutException: Method dependentMethods.DependentMethods.testMethod1() didn't finish within the time-out 100
at java.util.concurrent.FutureTask.setException(FutureTask.java:248)
at java.util.concurrent.FutureTask.run(FutureTask.java:271)
at java.util.concurrent.ThreadPoolExecutor.runWorker(ThreadPoolExecutor.java:1149)
at java.util.concurrent.ThreadPoolExecutor$Worker.run(ThreadPoolExecutor.java:624)
at java.lang.Thread.run(Thread.java:748)
]]>
    </failure>
  </testcase> <!-- testMethod1 -->
</testsuite> <!-- Dependent Methods -->
